[Fri, 24 Jul 15 14:52:38 +0800][INFO] SELECT IF(COUNT(*) > 0, 1, 0) FROM `INFORMATION_SCHEMA`.`TABLES` WHERE `TABLE_NAME` = 'language' AND `TABLE_SCHEMA` = DATABASE()
[Fri, 24 Jul 15 14:52:39 +0800][INFO] DESCRIBE `language`
[Fri, 24 Jul 15 14:52:39 +0800][INFO] SELECT `language`.`id`, `language`.`code`, `language`.`language`, `language`.`local_name`, `language`.`abbreviation`, `language`.`image`, `language`.`sort`, `language`.`is_default`, `language`.`status` FROM `language` LIMIT :AP0
[Fri, 24 Jul 15 15:31:10 +0800][INFO] SELECT IF(COUNT(*) > 0, 1, 0) FROM `INFORMATION_SCHEMA`.`TABLES` WHERE `TABLE_NAME` = 'language' AND `TABLE_SCHEMA` = DATABASE()
[Fri, 24 Jul 15 15:31:10 +0800][INFO] DESCRIBE `language`
[Fri, 24 Jul 15 15:31:10 +0800][INFO] SELECT `language`.`id`, `language`.`code`, `language`.`language`, `language`.`local_name`, `language`.`abbreviation`, `language`.`image`, `language`.`sort`, `language`.`is_default`, `language`.`status` FROM `language` WHERE `language`.`id` = 1 LIMIT :AP0
[Fri, 24 Jul 15 15:31:41 +0800][INFO] SELECT IF(COUNT(*) > 0, 1, 0) FROM `INFORMATION_SCHEMA`.`TABLES` WHERE `TABLE_NAME` = 'language' AND `TABLE_SCHEMA` = DATABASE()
[Fri, 24 Jul 15 15:31:41 +0800][INFO] DESCRIBE `language`
[Fri, 24 Jul 15 15:31:42 +0800][INFO] SELECT `language`.`id`, `language`.`code`, `language`.`language`, `language`.`local_name`, `language`.`abbreviation`, `language`.`image`, `language`.`sort`, `language`.`is_default`, `language`.`status` FROM `language` WHERE `language`.`id` = 1 LIMIT :AP0
[Fri, 24 Jul 15 15:32:15 +0800][INFO] SELECT IF(COUNT(*) > 0, 1, 0) FROM `INFORMATION_SCHEMA`.`TABLES` WHERE `TABLE_NAME` = 'language' AND `TABLE_SCHEMA` = DATABASE()
[Fri, 24 Jul 15 15:32:16 +0800][INFO] DESCRIBE `language`
[Fri, 24 Jul 15 15:32:16 +0800][INFO] SELECT `language`.`id`, `language`.`code`, `language`.`language`, `language`.`local_name`, `language`.`abbreviation`, `language`.`image`, `language`.`sort`, `language`.`is_default`, `language`.`status` FROM `language` WHERE `language`.`id` = 1 LIMIT :AP0
[Fri, 24 Jul 15 15:32:33 +0800][INFO] SELECT IF(COUNT(*) > 0, 1, 0) FROM `INFORMATION_SCHEMA`.`TABLES` WHERE `TABLE_NAME` = 'language' AND `TABLE_SCHEMA` = DATABASE()
[Fri, 24 Jul 15 15:32:33 +0800][INFO] DESCRIBE `language`
[Fri, 24 Jul 15 15:32:33 +0800][INFO] SELECT `language`.`id`, `language`.`code`, `language`.`language`, `language`.`local_name`, `language`.`abbreviation`, `language`.`image`, `language`.`sort`, `language`.`is_default`, `language`.`status` FROM `language` WHERE `language`.`id` = 1 LIMIT :AP0
[Fri, 24 Jul 15 15:32:53 +0800][INFO] SELECT IF(COUNT(*) > 0, 1, 0) FROM `INFORMATION_SCHEMA`.`TABLES` WHERE `TABLE_NAME` = 'language' AND `TABLE_SCHEMA` = DATABASE()
[Fri, 24 Jul 15 15:32:53 +0800][INFO] DESCRIBE `language`
[Fri, 24 Jul 15 15:32:53 +0800][INFO] SELECT `language`.`id`, `language`.`code`, `language`.`language`, `language`.`local_name`, `language`.`abbreviation`, `language`.`image`, `language`.`sort`, `language`.`is_default`, `language`.`status` FROM `language` WHERE `language`.`id` = 1 LIMIT :AP0
[Fri, 24 Jul 15 15:33:42 +0800][INFO] SELECT IF(COUNT(*) > 0, 1, 0) FROM `INFORMATION_SCHEMA`.`TABLES` WHERE `TABLE_NAME` = 'language' AND `TABLE_SCHEMA` = DATABASE()
[Fri, 24 Jul 15 15:33:42 +0800][INFO] DESCRIBE `language`
[Fri, 24 Jul 15 15:33:42 +0800][INFO] SELECT `language`.`id`, `language`.`code`, `language`.`language`, `language`.`local_name`, `language`.`abbreviation`, `language`.`image`, `language`.`sort`, `language`.`is_default`, `language`.`status` FROM `language` WHERE `language`.`id` = 1 LIMIT :AP0
[Fri, 24 Jul 15 15:33:48 +0800][INFO] SELECT IF(COUNT(*) > 0, 1, 0) FROM `INFORMATION_SCHEMA`.`TABLES` WHERE `TABLE_NAME` = 'language' AND `TABLE_SCHEMA` = DATABASE()
[Fri, 24 Jul 15 15:33:48 +0800][INFO] DESCRIBE `language`
[Fri, 24 Jul 15 15:33:48 +0800][INFO] SELECT `language`.`id`, `language`.`code`, `language`.`language`, `language`.`local_name`, `language`.`abbreviation`, `language`.`image`, `language`.`sort`, `language`.`is_default`, `language`.`status` FROM `language` WHERE `language`.`id` = 1 LIMIT :AP0
[Fri, 24 Jul 15 15:33:56 +0800][INFO] SELECT IF(COUNT(*) > 0, 1, 0) FROM `INFORMATION_SCHEMA`.`TABLES` WHERE `TABLE_NAME` = 'language' AND `TABLE_SCHEMA` = DATABASE()
[Fri, 24 Jul 15 15:33:57 +0800][INFO] DESCRIBE `language`
[Fri, 24 Jul 15 15:33:57 +0800][INFO] SELECT `language`.`id`, `language`.`code`, `language`.`language`, `language`.`local_name`, `language`.`abbreviation`, `language`.`image`, `language`.`sort`, `language`.`is_default`, `language`.`status` FROM `language` WHERE `language`.`id` = 1 LIMIT :AP0
[Fri, 24 Jul 15 15:34:07 +0800][INFO] SELECT IF(COUNT(*) > 0, 1, 0) FROM `INFORMATION_SCHEMA`.`TABLES` WHERE `TABLE_NAME` = 'language' AND `TABLE_SCHEMA` = DATABASE()
[Fri, 24 Jul 15 15:34:07 +0800][INFO] DESCRIBE `language`
[Fri, 24 Jul 15 15:34:08 +0800][INFO] SELECT `language`.`id`, `language`.`code`, `language`.`language`, `language`.`local_name`, `language`.`abbreviation`, `language`.`image`, `language`.`sort`, `language`.`is_default`, `language`.`status` FROM `language` WHERE `language`.`id` = 1 LIMIT :AP0
[Fri, 24 Jul 15 15:34:33 +0800][INFO] SELECT IF(COUNT(*) > 0, 1, 0) FROM `INFORMATION_SCHEMA`.`TABLES` WHERE `TABLE_NAME` = 'language' AND `TABLE_SCHEMA` = DATABASE()
[Fri, 24 Jul 15 15:34:33 +0800][INFO] DESCRIBE `language`
[Fri, 24 Jul 15 15:34:33 +0800][INFO] SELECT `language`.`id`, `language`.`code`, `language`.`language`, `language`.`local_name`, `language`.`abbreviation`, `language`.`image`, `language`.`sort`, `language`.`is_default`, `language`.`status` FROM `language` WHERE `language`.`id` = 1 LIMIT :AP0
[Fri, 24 Jul 15 15:34:35 +0800][INFO] SELECT IF(COUNT(*) > 0, 1, 0) FROM `INFORMATION_SCHEMA`.`TABLES` WHERE `TABLE_NAME` = 'language' AND `TABLE_SCHEMA` = DATABASE()
[Fri, 24 Jul 15 15:34:35 +0800][INFO] DESCRIBE `language`
[Fri, 24 Jul 15 15:34:36 +0800][INFO] SELECT `language`.`id`, `language`.`code`, `language`.`language`, `language`.`local_name`, `language`.`abbreviation`, `language`.`image`, `language`.`sort`, `language`.`is_default`, `language`.`status` FROM `language` WHERE `language`.`id` = 1 LIMIT :AP0
[Fri, 24 Jul 15 15:34:36 +0800][INFO] SELECT IF(COUNT(*) > 0, 1, 0) FROM `INFORMATION_SCHEMA`.`TABLES` WHERE `TABLE_NAME` = 'language' AND `TABLE_SCHEMA` = DATABASE()
[Fri, 24 Jul 15 15:34:36 +0800][INFO] DESCRIBE `language`
[Fri, 24 Jul 15 15:34:36 +0800][INFO] SELECT `language`.`id`, `language`.`code`, `language`.`language`, `language`.`local_name`, `language`.`abbreviation`, `language`.`image`, `language`.`sort`, `language`.`is_default`, `language`.`status` FROM `language` WHERE `language`.`id` = 1 LIMIT :AP0
[Fri, 24 Jul 15 15:34:46 +0800][INFO] SELECT IF(COUNT(*) > 0, 1, 0) FROM `INFORMATION_SCHEMA`.`TABLES` WHERE `TABLE_NAME` = 'language' AND `TABLE_SCHEMA` = DATABASE()
[Fri, 24 Jul 15 15:34:46 +0800][INFO] DESCRIBE `language`
[Fri, 24 Jul 15 15:34:46 +0800][INFO] SELECT `language`.`id`, `language`.`code`, `language`.`language`, `language`.`local_name`, `language`.`abbreviation`, `language`.`image`, `language`.`sort`, `language`.`is_default`, `language`.`status` FROM `language` WHERE `language`.`id` = 1 LIMIT :AP0
[Fri, 24 Jul 15 15:34:58 +0800][INFO] SELECT IF(COUNT(*) > 0, 1, 0) FROM `INFORMATION_SCHEMA`.`TABLES` WHERE `TABLE_NAME` = 'language' AND `TABLE_SCHEMA` = DATABASE()
[Fri, 24 Jul 15 15:34:58 +0800][INFO] DESCRIBE `language`
[Fri, 24 Jul 15 15:34:58 +0800][INFO] SELECT `language`.`id`, `language`.`code`, `language`.`language`, `language`.`local_name`, `language`.`abbreviation`, `language`.`image`, `language`.`sort`, `language`.`is_default`, `language`.`status` FROM `language` WHERE `language`.`id` = 1 LIMIT :AP0
[Fri, 24 Jul 15 15:35:16 +0800][INFO] SELECT IF(COUNT(*) > 0, 1, 0) FROM `INFORMATION_SCHEMA`.`TABLES` WHERE `TABLE_NAME` = 'language' AND `TABLE_SCHEMA` = DATABASE()
[Fri, 24 Jul 15 15:35:16 +0800][INFO] DESCRIBE `language`
[Fri, 24 Jul 15 15:35:16 +0800][INFO] SELECT `language`.`id`, `language`.`code`, `language`.`language`, `language`.`local_name`, `language`.`abbreviation`, `language`.`image`, `language`.`sort`, `language`.`is_default`, `language`.`status` FROM `language` WHERE `language`.`id` = 1 LIMIT :AP0
[Fri, 24 Jul 15 15:44:48 +0800][INFO] SELECT IF(COUNT(*) > 0, 1, 0) FROM `INFORMATION_SCHEMA`.`TABLES` WHERE `TABLE_NAME` = 'language' AND `TABLE_SCHEMA` = DATABASE()
[Fri, 24 Jul 15 15:44:48 +0800][INFO] DESCRIBE `language`
[Fri, 24 Jul 15 15:44:48 +0800][INFO] SELECT `language`.`id`, `language`.`code`, `language`.`language`, `language`.`local_name`, `language`.`abbreviation`, `language`.`image`, `language`.`sort`, `language`.`is_default`, `language`.`status` FROM `language` WHERE `language`.`id` = 1 LIMIT :AP0
[Fri, 24 Jul 15 15:45:24 +0800][INFO] SELECT IF(COUNT(*) > 0, 1, 0) FROM `INFORMATION_SCHEMA`.`TABLES` WHERE `TABLE_NAME` = 'language' AND `TABLE_SCHEMA` = DATABASE()
[Fri, 24 Jul 15 15:45:24 +0800][INFO] DESCRIBE `language`
[Fri, 24 Jul 15 15:45:24 +0800][INFO] SELECT `language`.`id`, `language`.`code`, `language`.`language`, `language`.`local_name`, `language`.`abbreviation`, `language`.`image`, `language`.`sort`, `language`.`is_default`, `language`.`status` FROM `language` WHERE `language`.`id` = 1 LIMIT :AP0
[Fri, 24 Jul 15 15:45:27 +0800][INFO] SELECT IF(COUNT(*) > 0, 1, 0) FROM `INFORMATION_SCHEMA`.`TABLES` WHERE `TABLE_NAME` = 'language' AND `TABLE_SCHEMA` = DATABASE()
[Fri, 24 Jul 15 15:45:27 +0800][INFO] DESCRIBE `language`
[Fri, 24 Jul 15 15:45:27 +0800][INFO] SELECT `language`.`id`, `language`.`code`, `language`.`language`, `language`.`local_name`, `language`.`abbreviation`, `language`.`image`, `language`.`sort`, `language`.`is_default`, `language`.`status` FROM `language` WHERE `language`.`id` = 1 LIMIT :AP0
[Mon, 27 Jul 15 17:08:34 +0800][INFO] SELECT IF(COUNT(*) > 0, 1, 0) FROM `INFORMATION_SCHEMA`.`TABLES` WHERE `TABLE_NAME` = 'language' AND `TABLE_SCHEMA` = DATABASE()
[Mon, 27 Jul 15 17:08:34 +0800][INFO] DESCRIBE `language`
[Mon, 27 Jul 15 17:08:34 +0800][INFO] SELECT `language`.`id`, `language`.`code`, `language`.`language`, `language`.`local_name`, `language`.`abbreviation`, `language`.`image`, `language`.`sort`, `language`.`is_default`, `language`.`status` FROM `language` WHERE `language`.`id` = 1 LIMIT :AP0
[Tue, 28 Jul 15 09:36:06 +0800][INFO] SELECT IF(COUNT(*) > 0, 1, 0) FROM `INFORMATION_SCHEMA`.`TABLES` WHERE `TABLE_NAME` = 'language' AND `TABLE_SCHEMA` = DATABASE()
[Tue, 28 Jul 15 09:36:07 +0800][INFO] DESCRIBE `language`
[Tue, 28 Jul 15 09:36:07 +0800][INFO] SELECT `language`.`id`, `language`.`code`, `language`.`language`, `language`.`local_name`, `language`.`abbreviation`, `language`.`image`, `language`.`sort`, `language`.`is_default`, `language`.`status` FROM `language` WHERE `language`.`id` = 1 LIMIT :AP0
[Tue, 28 Jul 15 15:39:15 +0800][INFO] SELECT IF(COUNT(*) > 0, 1, 0) FROM `INFORMATION_SCHEMA`.`TABLES` WHERE `TABLE_NAME` = 'language' AND `TABLE_SCHEMA` = DATABASE()
[Tue, 28 Jul 15 15:39:15 +0800][INFO] DESCRIBE `language`
[Tue, 28 Jul 15 15:39:16 +0800][INFO] SELECT `language`.`id`, `language`.`code`, `language`.`language`, `language`.`local_name`, `language`.`abbreviation`, `language`.`image`, `language`.`sort`, `language`.`is_default`, `language`.`status` FROM `language` WHERE `language`.`id` = 1 LIMIT :AP0
[Tue, 28 Jul 15 18:01:27 +0800][INFO] SELECT IF(COUNT(*) > 0, 1, 0) FROM `INFORMATION_SCHEMA`.`TABLES` WHERE `TABLE_NAME` = 'language' AND `TABLE_SCHEMA` = DATABASE()
[Tue, 28 Jul 15 18:01:27 +0800][INFO] DESCRIBE `language`
[Tue, 28 Jul 15 18:01:27 +0800][INFO] SELECT `language`.`id`, `language`.`code`, `language`.`language`, `language`.`local_name`, `language`.`abbreviation`, `language`.`image`, `language`.`sort`, `language`.`is_default`, `language`.`status` FROM `language` WHERE `language`.`id` = 1 LIMIT :AP0
[Tue, 28 Jul 15 19:48:39 +0800][INFO] SELECT IF(COUNT(*) > 0, 1, 0) FROM `INFORMATION_SCHEMA`.`TABLES` WHERE `TABLE_NAME` = 'language' AND `TABLE_SCHEMA` = DATABASE()
[Tue, 28 Jul 15 19:48:40 +0800][INFO] DESCRIBE `language`
[Tue, 28 Jul 15 19:48:40 +0800][INFO] SELECT `language`.`id`, `language`.`code`, `language`.`language`, `language`.`local_name`, `language`.`abbreviation`, `language`.`image`, `language`.`sort`, `language`.`is_default`, `language`.`status` FROM `language` WHERE `language`.`id` = 1 LIMIT :AP0
[Thu, 30 Jul 15 11:57:37 +0800][INFO] SELECT IF(COUNT(*) > 0, 1, 0) FROM `INFORMATION_SCHEMA`.`TABLES` WHERE `TABLE_NAME` = 'language' AND `TABLE_SCHEMA` = DATABASE()
[Thu, 30 Jul 15 11:57:38 +0800][INFO] DESCRIBE `language`
[Thu, 30 Jul 15 11:57:39 +0800][INFO] SELECT `language`.`id`, `language`.`code`, `language`.`language`, `language`.`local_name`, `language`.`abbreviation`, `language`.`image`, `language`.`sort`, `language`.`is_default`, `language`.`status` FROM `language` WHERE `language`.`id` = 1 LIMIT :AP0
